#
# There is insufficient memory for the Java Runtime Environment to continue.
# Native memory allocation (malloc) failed to allocate 1012576 bytes. Error detail: Chunk::new
# Possible reasons:
#   The system is out of physical RAM or swap space
#   This process is running with CompressedOops enabled, and the Java Heap may be blocking the growth of the native heap
# Possible solutions:
#   Reduce memory load on the system
#   Increase physical memory or swap space
#   Check if swap backing store is full
#   Decrease Java heap size (-Xmx/-Xms)
#   Decrease number of Java threads
#   Decrease Java thread stack sizes (-Xss)
#   Set larger code cache with -XX:ReservedCodeCacheSize=
#   JVM is running with Unscaled Compressed Oops mode in which the Java heap is
#     placed in the first 4GB address space. The Java Heap base address is the
#     maximum limit for the native heap growth. Please use -XX:HeapBaseMinAddress
#     to set the Java Heap base and to place the Java Heap above 4GB virtual address.
# This output file may be truncated or incomplete.
#
#  Out of Memory Error (arena.cpp:150), pid=17016, tid=12560
#
# JRE version: OpenJDK Runtime Environment Corretto-22.0.2.9.1 (22.0.2+9) (build 22.0.2+9-FR)
# Java VM: OpenJDK 64-Bit Server VM Corretto-22.0.2.9.1 (22.0.2+9-FR, mixed mode, sharing, tiered, compressed oops, compressed class ptrs, g1 gc, windows-amd64)
# No core dump will be written. Minidumps are not enabled by default on client versions of Windows
#

---------------  S U M M A R Y ------------

Command Line: -javaagent:C:\Program Files\JetBrains\IntelliJ IDEA Community Edition 2024.3.2.2\lib\idea_rt.jar=64718:C:\Program Files\JetBrains\IntelliJ IDEA Community Edition 2024.3.2.2\bin -Dfile.encoding=UTF-8 -Dsun.stdout.encoding=UTF-8 -Dsun.stderr.encoding=UTF-8 com.finalproject.hrportal.HrportalnewApplication

Host: Intel(R) Core(TM) i3-1005G1 CPU @ 1.20GHz, 4 cores, 7G,  Windows 11 , 64 bit Build 26100 (10.0.26100.5074)
Time: Thu Oct  2 14:11:15 2025 India Standard Time elapsed time: 234.438767 seconds (0d 0h 3m 54s)

---------------  T H R E A D  ---------------

Current thread (0x000001a75024bd90):  JavaThread "C2 CompilerThread0" daemon [_thread_in_native, id=12560, stack(0x0000005767400000,0x0000005767500000) (1024K)]


Current CompileTask:
C2:234438 6390       4       org.springframework.core.type.AnnotatedTypeMetadata::getAnnotationAttributes (40 bytes)

Stack: [0x0000005767400000,0x0000005767500000]
Native frames: (J=compiled Java code, j=interpreted, Vv=VM code, C=native code)
V  [jvm.dll+0x6f7bb9]  (no source info available)
V  [jvm.dll+0x8dc245]  (no source info available)
V  [jvm.dll+0x8de4ae]  (no source info available)
V  [jvm.dll+0x8deb93]  (no source info available)
V  [jvm.dll+0x28d336]  (no source info available)
V  [jvm.dll+0xc500f]  (no source info available)
V  [jvm.dll+0xc526b]  (no source info available)
V  [jvm.dll+0x3036c1]  (no source info available)
V  [jvm.dll+0x61d639]  (no source info available)
V  [jvm.dll+0x25d4c2]  (no source info available)
V  [jvm.dll+0x255d91]  (no source info available)
V  [jvm.dll+0x2536f0]  (no source info available)
V  [jvm.dll+0x1cef4a]  (no source info available)
V  [jvm.dll+0x263335]  (no source info available)
V  [jvm.dll+0x2615fb]  (no source info available)
V  [jvm.dll+0x407456]  (no source info available)
V  [jvm.dll+0x883778]  (no source info available)
V  [jvm.dll+0x6f63c5]  (no source info available)
C  [ucrtbase.dll+0x37b0]  (no source info available)
C  [KERNEL32.DLL+0x2e8d7]  (no source info available)
C  [ntdll.dll+0x8d9c]  (no source info available)


---------------  P R O C E S S  ---------------

Threads class SMR info:
_java_thread_list=0x000001a7992537a0, length=22, elements={
0x000001a75023d810, 0x000001a750240680, 0x000001a750245f90, 0x000001a750247a00,
0x000001a750248460, 0x000001a750248ec0, 0x000001a75024bd90, 0x000001a7505a0090,
0x000001a7506bb8e0, 0x000001a796020770, 0x000001a796067830, 0x000001a7970ac180,
0x000001a7970aadd0, 0x000001a7970adbc0, 0x000001a798d50fb0, 0x000001a798d57220,
0x000001a798d51640, 0x000001a798d53710, 0x000001a797993ac0, 0x000001a798d54430,
0x000001a798d51cd0, 0x000001a798d55e70
}

Java Threads: ( => current thread )
  0x000001a75023d810 JavaThread "Reference Handler"          daemon [_thread_blocked, id=14420, stack(0x0000005766e00000,0x0000005766f00000) (1024K)]
  0x000001a750240680 JavaThread "Finalizer"                  daemon [_thread_blocked, id=18196, stack(0x0000005766f00000,0x0000005767000000) (1024K)]
  0x000001a750245f90 JavaThread "Signal Dispatcher"          daemon [_thread_blocked, id=17488, stack(0x0000005767000000,0x0000005767100000) (1024K)]
  0x000001a750247a00 JavaThread "Attach Listener"            daemon [_thread_blocked, id=7224, stack(0x0000005767100000,0x0000005767200000) (1024K)]
  0x000001a750248460 JavaThread "Service Thread"             daemon [_thread_blocked, id=16372, stack(0x0000005767200000,0x0000005767300000) (1024K)]
  0x000001a750248ec0 JavaThread "Monitor Deflation Thread"   daemon [_thread_blocked, id=13804, stack(0x0000005767300000,0x0000005767400000) (1024K)]
=>0x000001a75024bd90 JavaThread "C2 CompilerThread0"         daemon [_thread_in_native, id=12560, stack(0x0000005767400000,0x0000005767500000) (1024K)]
  0x000001a7505a0090 JavaThread "C1 CompilerThread0"         daemon [_thread_blocked, id=16744, stack(0x0000005767500000,0x0000005767600000) (1024K)]
  0x000001a7506bb8e0 JavaThread "Common-Cleaner"             daemon [_thread_blocked, id=15444, stack(0x0000005767600000,0x0000005767700000) (1024K)]
  0x000001a796020770 JavaThread "Monitor Ctrl-Break"         daemon [_thread_in_native, id=15648, stack(0x0000005767700000,0x0000005767800000) (1024K)]
  0x000001a796067830 JavaThread "Notification Thread"        daemon [_thread_blocked, id=17168, stack(0x0000005767800000,0x0000005767900000) (1024K)]
  0x000001a7970ac180 JavaThread "oracle.jdbc.diagnostics.Diagnostic.CLOCK" daemon [_thread_blocked, id=1144, stack(0x0000005768200000,0x0000005768300000) (1024K)]
  0x000001a7970aadd0 JavaThread "oracle.jdbc.driver.BlockSource.ThreadedCachingBlockSource.BlockReleaser" daemon [_thread_blocked, id=9752, stack(0x0000005768300000,0x0000005768400000) (1024K)]
  0x000001a7970adbc0 JavaThread "InterruptTimer"             daemon [_thread_blocked, id=3164, stack(0x0000005768500000,0x0000005768600000) (1024K)]
  0x000001a798d50fb0 JavaThread "Live Reload Server"         daemon [_thread_in_native, id=15328, stack(0x0000005768b00000,0x0000005768c00000) (1024K)]
  0x000001a798d57220 JavaThread "DestroyJavaVM"                     [_thread_blocked, id=14692, stack(0x0000005766600000,0x0000005766700000) (1024K)]
  0x000001a798d51640 JavaThread "Thread-7"                          [_thread_blocked, id=17848, stack(0x0000005766300000,0x0000005766400000) (1024K)]
  0x000001a798d53710 JavaThread "restartedMain"                     [_thread_in_Java, id=14788, stack(0x0000005766400000,0x0000005766500000) (1024K)]
  0x000001a797993ac0 JavaThread "C2 CompilerThread1"         daemon [_thread_in_native, id=2576, stack(0x0000005766500000,0x0000005766600000) (1024K)]
  0x000001a798d54430 JavaThread "Catalina-utility-1"                [_thread_blocked, id=15668, stack(0x0000005767c00000,0x0000005767d00000) (1024K)]
  0x000001a798d51cd0 JavaThread "Catalina-utility-2"                [_thread_blocked, id=15768, stack(0x0000005767d00000,0x0000005767e00000) (1024K)]
  0x000001a798d55e70 JavaThread "container-0"                       [_thread_blocked, id=14940, stack(0x0000005767e00000,0x0000005767f00000) (1024K)]
Total: 22

Other Threads:
  0x000001a750225030 VMThread "VM Thread"                           [id=6556, stack(0x0000005766d00000,0x0000005766e00000) (1024K)]
  0x000001a75020ae10 WatcherThread "VM Periodic Task Thread"        [id=4376, stack(0x0000005766c00000,0x0000005766d00000) (1024K)]
  0x000001a7343571d0 WorkerThread "GC Thread#0"                     [id=15828, stack(0x0000005766700000,0x0000005766800000) (1024K)]
  0x000001a7966058e0 WorkerThread "GC Thread#1"                     [id=7108, stack(0x0000005767900000,0x0000005767a00000) (1024K)]
  0x000001a7962f6330 WorkerThread "GC Thread#2"                     [id=16884, stack(0x0000005767a00000,0x0000005767b00000) (1024K)]
  0x000001a796291aa0 WorkerThread "GC Thread#3"                     [id=10492, stack(0x0000005767b00000,0x0000005767c00000) (1024K)]
  0x000001a7343688e0 ConcurrentGCThread "G1 Main Marker"            [id=14644, stack(0x0000005766800000,0x0000005766900000) (1024K)]
  0x000001a734369b90 WorkerThread "G1 Conc#0"                       [id=6108, stack(0x0000005766900000,0x0000005766a00000) (1024K)]
  0x000001a7343be270 ConcurrentGCThread "G1 Refine#0"               [id=9220, stack(0x0000005766a00000,0x0000005766b00000) (1024K)]
  0x000001a7343beaa0 ConcurrentGCThread "G1 Service"                [id=7204, stack(0x0000005766b00000,0x0000005766c00000) (1024K)]
Total: 10

Threads with active compile tasks:
C2 CompilerThread0  234636 6390       4       org.springframework.core.type.AnnotatedTypeMetadata::getAnnotationAttributes (40 bytes)
C2 CompilerThread1  234636 6358 % !   4       org.springframework.beans.factory.support.DefaultListableBeanFactory::doGetBeanNamesForType @ 20 (527 bytes)
Total: 2

VM state: not at safepoint (normal execution)

VM Mutex/Monitor currently owned by a thread: None

Heap address: 0x0000000084000000, size: 1984 MB, Compressed Oops mode: 32-bit

CDS archive(s) mapped at: [0x000001a751000000-0x000001a751c60000-0x000001a751c60000), size 12976128, SharedBaseAddress: 0x000001a751000000, ArchiveRelocationMode: 1.
Compressed class space mapped at: 0x000001a752000000-0x000001a792000000, reserved size: 1073741824
Narrow klass base: 0x000001a751000000, Narrow klass shift: 0, Narrow klass range: 0x41000000

GC Precious Log:
 CardTable entry size: 512
 Card Set container configuration: InlinePtr #cards 5 size 8 Array Of Cards #cards 12 size 40 Howl #buckets 4 coarsen threshold 1843 Howl Bitmap #cards 512 size 80 coarsen threshold 460 Card regions per heap region 1 cards per card region 2048
 CPUs: 4 total, 4 available
 Memory: 7934M
 Large Page Support: Disabled
 NUMA Support: Disabled
 Compressed Oops: Enabled (32-bit)
 Heap Region Size: 1M
 Heap Min Capacity: 8M
 Heap Initial Capacity: 124M
 Heap Max Capacity: 1984M
 Pre-touch: Disabled
 Parallel Workers: 4
 Concurrent Workers: 1
 Concurrent Refinement Workers: 4
 Periodic GC: Disabled

Heap:
 garbage-first heap   total reserved 2031616K, committed 45056K, used 31886K [0x0000000084000000, 0x0000000100000000)
  region size 1024K, 10 young (10240K), 2 survivors (2048K)
 Metaspace       used 53242K, committed 54016K, reserved 1114112K
  class space    used 6909K, committed 7232K, reserved 1048576K

Heap Regions: E=young(eden), S=young(survivor), O=old, HS=humongous(starts), HC=humongous(continues), CS=collection set, F=free, TAMS=top-at-mark-start, PB=parsable bottom
|   0|0x0000000084000000, 0x0000000084100000, 0x0000000084100000|100%| O|  |TAMS 0x0000000084000000| PB 0x0000000084000000| Untracked |  0
|   1|0x0000000084100000, 0x0000000084200000, 0x0000000084200000|100%| O|  |TAMS 0x0000000084100000| PB 0x0000000084100000| Untracked |  0
|   2|0x0000000084200000, 0x0000000084300000, 0x0000000084300000|100%| O|  |TAMS 0x0000000084200000| PB 0x0000000084200000| Untracked |  0
|   3|0x0000000084300000, 0x00000000843ffff8, 0x0000000084400000| 99%| O|  |TAMS 0x0000000084300000| PB 0x0000000084300000| Untracked |  0
|   4|0x0000000084400000, 0x0000000084500000, 0x0000000084500000|100%| O|  |TAMS 0x0000000084400000| PB 0x0000000084400000| Untracked |  0
|   5|0x0000000084500000, 0x0000000084600000, 0x0000000084600000|100%| O|  |TAMS 0x0000000084500000| PB 0x0000000084500000| Untracked |  0
|   6|0x0000000084600000, 0x00000000846ffff8, 0x0000000084700000| 99%| O|  |TAMS 0x0000000084600000| PB 0x0000000084600000| Untracked |  0
|   7|0x0000000084700000, 0x0000000084800000, 0x0000000084800000|100%| O|  |TAMS 0x0000000084700000| PB 0x0000000084700000| Untracked |  0
|   8|0x0000000084800000, 0x00000000848ffff0, 0x0000000084900000| 99%| O|  |TAMS 0x0000000084800000| PB 0x0000000084800000| Untracked |  0
|   9|0x0000000084900000, 0x0000000084a00000, 0x0000000084a00000|100%| O|  |TAMS 0x0000000084900000| PB 0x0000000084900000| Untracked |  0
|  10|0x0000000084a00000, 0x0000000084affff8, 0x0000000084b00000| 99%| O|  |TAMS 0x0000000084a00000| PB 0x0000000084a00000| Untracked |  0
|  11|0x0000000084b00000, 0x0000000084c00000, 0x0000000084c00000|100%| O|  |TAMS 0x0000000084b00000| PB 0x0000000084b00000| Untracked |  0
|  12|0x0000000084c00000, 0x0000000084cfffe8, 0x0000000084d00000| 99%| O|  |TAMS 0x0000000084c00000| PB 0x0000000084c00000| Untracked |  0
|  13|0x0000000084d00000, 0x0000000084dffff8, 0x0000000084e00000| 99%| O|  |TAMS 0x0000000084d00000| PB 0x0000000084d00000| Untracked |  0
|  14|0x0000000084e00000, 0x0000000084efffd0, 0x0000000084f00000| 99%| O|  |TAMS 0x0000000084e00000| PB 0x0000000084e00000| Untracked |  0
|  15|0x0000000084f00000, 0x0000000084ffffe8, 0x0000000085000000| 99%| O|  |TAMS 0x0000000084f00000| PB 0x0000000084f00000| Untracked |  0
|  16|0x0000000085000000, 0x0000000085100000, 0x0000000085100000|100%| O|  |TAMS 0x0000000085000000| PB 0x0000000085000000| Untracked |  0
|  17|0x0000000085100000, 0x00000000851aa348, 0x0000000085200000| 66%| O|  |TAMS 0x0000000085100000| PB 0x0000000085100000| Untracked |  0
|  18|0x0000000085200000, 0x00000000852fffe8, 0x0000000085300000| 99%| O|  |TAMS 0x0000000085200000| PB 0x0000000085200000| Untracked |  0
|  19|0x0000000085300000, 0x000000008538aeb8, 0x0000000085400000| 54%| O|  |TAMS 0x0000000085300000| PB 0x0000000085300000| Untracked |  0
|  20|0x0000000085400000, 0x0000000085500000, 0x0000000085500000|100%| O|  |TAMS 0x0000000085400000| PB 0x0000000085400000| Untracked |  0
|  21|0x0000000085500000, 0x00000000855827d0, 0x0000000085600000| 50%| O|Cm|TAMS 0x0000000085500000| PB 0x0000000085500000| Complete |  0
|  22|0x0000000085600000, 0x00000000856d23c0, 0x0000000085700000| 82%| O|  |TAMS 0x0000000085600000| PB 0x0000000085600000| Untracked |  0
|  23|0x0000000085700000, 0x0000000085700000, 0x0000000085800000|  0%| F|  |TAMS 0x0000000085700000| PB 0x0000000085700000| Untracked |  0
|  24|0x0000000085800000, 0x0000000085800000, 0x0000000085900000|  0%| F|  |TAMS 0x0000000085800000| PB 0x0000000085800000| Untracked |  0
|  25|0x0000000085900000, 0x0000000085900000, 0x0000000085a00000|  0%| F|  |TAMS 0x0000000085900000| PB 0x0000000085900000| Untracked |  0
|  26|0x0000000085a00000, 0x0000000085a99ee8, 0x0000000085b00000| 60%| S|CS|TAMS 0x0000000085a00000| PB 0x0000000085a00000| Complete |  0
|  27|0x0000000085b00000, 0x0000000085c00000, 0x0000000085c00000|100%| S|CS|TAMS 0x0000000085b00000| PB 0x0000000085b00000| Complete |  0
|  28|0x0000000085c00000, 0x0000000085d00000, 0x0000000085d00000|100%| O|  |TAMS 0x0000000085c00000| PB 0x0000000085c00000| Untracked |  0
|  29|0x0000000085d00000, 0x0000000085d00000, 0x0000000085e00000|  0%| F|  |TAMS 0x0000000085d00000| PB 0x0000000085d00000| Untracked |  0
|  30|0x0000000085e00000, 0x0000000085e00000, 0x0000000085f00000|  0%| F|  |TAMS 0x0000000085e00000| PB 0x0000000085e00000| Untracked |  0
|  31|0x0000000085f00000, 0x0000000085f00000, 0x0000000086000000|  0%| F|  |TAMS 0x0000000085f00000| PB 0x0000000085f00000| Untracked |  0
|  32|0x0000000086000000, 0x0000000086000000, 0x0000000086100000|  0%| F|  |TAMS 0x0000000086000000| PB 0x0000000086000000| Untracked |  0
|  33|0x0000000086100000, 0x0000000086100000, 0x0000000086200000|  0%| F|  |TAMS 0x0000000086100000| PB 0x0000000086100000| Untracked |  0
|  34|0x0000000086200000, 0x0000000086200000, 0x0000000086300000|  0%| F|  |TAMS 0x0000000086200000| PB 0x0000000086200000| Untracked |  0
|  35|0x0000000086300000, 0x0000000086300000, 0x0000000086400000|  0%| F|  |TAMS 0x0000000086300000| PB 0x0000000086300000| Untracked |  0
|  62|0x0000000087e00000, 0x0000000087e35960, 0x0000000087f00000| 20%| E|  |TAMS 0x0000000087e00000| PB 0x0000000087e00000| Complete |  0
|  63|0x0000000087f00000, 0x0000000088000000, 0x0000000088000000|100%| E|CS|TAMS 0x0000000087f00000| PB 0x0000000087f00000| Complete |  0
|  64|0x0000000088000000, 0x0000000088100000, 0x0000000088100000|100%| E|CS|TAMS 0x0000000088000000| PB 0x0000000088000000| Complete |  0
|  65|0x0000000088100000, 0x0000000088200000, 0x0000000088200000|100%| E|CS|TAMS 0x0000000088100000| PB 0x0000000088100000| Complete |  0
|  66|0x0000000088200000, 0x0000000088300000, 0x0000000088300000|100%| E|CS|TAMS 0x0000000088200000| PB 0x0000000088200000| Complete |  0
|  67|0x0000000088300000, 0x0000000088400000, 0x0000000088400000|100%| E|CS|TAMS 0x0000000088300000| PB 0x0000000088300000| Complete |  0
|  68|0x0000000088400000, 0x0000000088500000, 0x0000000088500000|100%| E|CS|TAMS 0x0000000088400000| PB 0x0000000088400000| Complete |  0
| 123|0x000000008bb00000, 0x000000008bc00000, 0x000000008bc00000|100%| E|CS|TAMS 0x000000008bb00000| PB 0x000000008bb00000| Complete |  0

Card table byte_map: [0x000001a74bc70000,0x000001a74c050000] _byte_map_base: 0x000001a74b850000

Marking Bits: (CMBitMap*) 0x000001a7343578e0
 Bits: [0x000001a74c050000, 0x000001a74df50000)

Polling page: 0x000001a732430000

Metaspace:

Usage:
  Non-class:     45.25 MB used.
      Class:      6.75 MB used.
       Both:     52.00 MB used.

Virtual space:
  Non-class space:       64.00 MB reserved,      45.69 MB ( 71%) committed,  1 nodes.
      Class space:        1.00 GB reserved,       7.06 MB ( <1%) committed,  1 nodes.
             Both:        1.06 GB reserved,      52.75 MB (  5%) committed. 

Chunk freelists:
   Non-Class:  1.56 MB
       Class:  8.82 MB
        Both:  10.38 MB

MaxMetaspaceSize: unlimited
CompressedClassSpaceSize: 1.00 GB
Initial GC threshold: 21.00 MB
Current GC threshold: 86.88 MB
CDS: on
 - commit_granule_bytes: 65536.
 - commit_granule_words: 8192.
 - virtual_space_node_default_size: 8388608.
 - enlarge_chunks_in_place: 1.
 - use_allocation_guard: 0.


Internal statistics:

num_allocs_failed_limit: 6.
num_arena_births: 910.
num_arena_deaths: 0.
num_vsnodes_births: 2.
num_vsnodes_deaths: 0.
num_space_committed: 844.
num_space_uncommitted: 0.
num_chunks_returned_to_freelist: 6.
num_chunks_taken_from_freelist: 2875.
num_chunk_merges: 6.
num_chunk_splits: 1950.
num_chunks_enlarged: 1413.
num_inconsistent_stats: 0.

CodeHeap 'non-profiled nmethods': size=120000Kb used=3267Kb max_used=3454Kb free=116732Kb
 bounds [0x000001a744360000, 0x000001a7446c0000, 0x000001a74b890000]
CodeHeap 'profiled nmethods': size=120000Kb used=11231Kb max_used=11231Kb free=108768Kb
 bounds [0x000001a73c890000, 0x000001a73d390000, 0x000001a743dc0000]
CodeHeap 'non-nmethods': size=5760Kb used=1877Kb max_used=1915Kb free=3882Kb
 bounds [0x000001a743dc0000, 0x000001a744030000, 0x000001a744360000]
 total_blobs=6468 nmethods=5760 adapters=610
 compilation: enabled
              stopped_count=0, restarted_count=0
 full_count=0

Compilation events (20 events):
Event: 234.035 Thread 0x000001a7505a0090 6522       3       java.util.concurrent.locks.AbstractQueuedSynchronizer::<init> (5 bytes)
Event: 234.035 Thread 0x000001a7505a0090 nmethod 6522 0x000001a73cfb4b10 code [0x000001a73cfb4cc0, 0x000001a73cfb4e88]
Event: 234.035 Thread 0x000001a7505a0090 6523       3       java.util.concurrent.locks.AbstractOwnableSynchronizer::<init> (5 bytes)
Event: 234.036 Thread 0x000001a7505a0090 nmethod 6523 0x000001a73cfb4710 code [0x000001a73cfb48a0, 0x000001a73cfb4a08]
Event: 234.036 Thread 0x000001a7505a0090 6524       2       java.nio.charset.CharsetDecoder::reset (11 bytes)
Event: 234.036 Thread 0x000001a7505a0090 nmethod 6524 0x000001a73cfb4390 code [0x000001a73cfb4520, 0x000001a73cfb4630]
Event: 234.036 Thread 0x000001a7505a0090 6525       2       java.nio.charset.CharsetDecoder::implReset (1 bytes)
Event: 234.036 Thread 0x000001a7505a0090 nmethod 6525 0x000001a73cc8e290 code [0x000001a73cc8e420, 0x000001a73cc8e528]
Event: 234.036 Thread 0x000001a7505a0090 6526       2       java.nio.charset.CharsetDecoder::implFlush (4 bytes)
Event: 234.036 Thread 0x000001a7505a0090 nmethod 6526 0x000001a73cc8f010 code [0x000001a73cc8f1a0, 0x000001a73cc8f2b0]
Event: 234.036 Thread 0x000001a7505a0090 6528       2       java.nio.HeapCharBuffer::get (14 bytes)
Event: 234.036 Thread 0x000001a7505a0090 nmethod 6528 0x000001a73cfb3e90 code [0x000001a73cfb4040, 0x000001a73cfb4260]
Event: 234.039 Thread 0x000001a7505a0090 6529       2       java.util.StringTokenizer::hasMoreElements (5 bytes)
Event: 234.040 Thread 0x000001a7505a0090 nmethod 6529 0x000001a73cfb3b10 code [0x000001a73cfb3ca0, 0x000001a73cfb3df0]
Event: 234.062 Thread 0x000001a7505a0090 6530       2       java.util.LinkedHashMap::newLinkedHashMap (43 bytes)
Event: 234.062 Thread 0x000001a7505a0090 nmethod 6530 0x000001a73cfb3210 code [0x000001a73cfb3440, 0x000001a73cfb38a0]
Event: 234.062 Thread 0x000001a7505a0090 6531       2       java.util.jar.Attributes::<init> (13 bytes)
Event: 234.063 Thread 0x000001a7505a0090 nmethod 6531 0x000001a73cfcb110 code [0x000001a73cfcb2c0, 0x000001a73cfcb438]
Event: 234.067 Thread 0x000001a7505a0090 6532       2       java.util.jar.Manifest::toLower (24 bytes)
Event: 234.122 Thread 0x000001a7505a0090 nmethod 6532 0x000001a73cfb2e90 code [0x000001a73cfb3020, 0x000001a73cfb3148]

GC Heap History (20 events):
Event: 10.245 GC heap before
{Heap before GC invocations=6 (full 0):
 garbage-first heap   total reserved 2031616K, committed 45056K, used 34527K [0x0000000084000000, 0x0000000100000000)
  region size 1024K, 22 young (22528K), 2 survivors (2048K)
 Metaspace       used 30937K, committed 31488K, reserved 1114112K
  class space    used 4046K, committed 4288K, reserved 1048576K
}
Event: 10.250 GC heap after
{Heap after GC invocations=7 (full 0):
 garbage-first heap   total reserved 2031616K, committed 45056K, used 17459K [0x0000000084000000, 0x0000000100000000)
  region size 1024K, 3 young (3072K), 3 survivors (3072K)
 Metaspace       used 30937K, committed 31488K, reserved 1114112K
  class space    used 4046K, committed 4288K, reserved 1048576K
}
Event: 11.490 GC heap before
{Heap before GC invocations=7 (full 0):
 garbage-first heap   total reserved 2031616K, committed 45056K, used 35891K [0x0000000084000000, 0x0000000100000000)
  region size 1024K, 21 young (21504K), 3 survivors (3072K)
 Metaspace       used 35135K, committed 35648K, reserved 1114112K
  class space    used 4525K, committed 4736K, reserved 1048576K
}
Event: 11.495 GC heap after
{Heap after GC invocations=8 (full 0):
 garbage-first heap   total reserved 2031616K, committed 45056K, used 19916K [0x0000000084000000, 0x0000000100000000)
  region size 1024K, 3 young (3072K), 3 survivors (3072K)
 Metaspace       used 35135K, committed 35648K, reserved 1114112K
  class space    used 4525K, committed 4736K, reserved 1048576K
}
Event: 11.673 GC heap before
{Heap before GC invocations=8 (full 0):
 garbage-first heap   total reserved 2031616K, committed 45056K, used 21964K [0x0000000084000000, 0x0000000100000000)
  region size 1024K, 6 young (6144K), 3 survivors (3072K)
 Metaspace       used 35415K, committed 35968K, reserved 1114112K
  class space    used 4571K, committed 4800K, reserved 1048576K
}
Event: 11.677 GC heap after
{Heap after GC invocations=9 (full 0):
 garbage-first heap   total reserved 2031616K, committed 45056K, used 20291K [0x0000000084000000, 0x0000000100000000)
  region size 1024K, 1 young (1024K), 1 survivors (1024K)
 Metaspace       used 35415K, committed 35968K, reserved 1114112K
  class space    used 4571K, committed 4800K, reserved 1048576K
}
Event: 12.939 GC heap before
{Heap before GC invocations=10 (full 0):
 garbage-first heap   total reserved 2031616K, committed 45056K, used 36675K [0x0000000084000000, 0x0000000100000000)
  region size 1024K, 17 young (17408K), 1 survivors (1024K)
 Metaspace       used 38514K, committed 39168K, reserved 1114112K
  class space    used 4931K, committed 5248K, reserved 1048576K
}
Event: 12.942 GC heap after
{Heap after GC invocations=11 (full 0):
 garbage-first heap   total reserved 2031616K, committed 45056K, used 21950K [0x0000000084000000, 0x0000000100000000)
  region size 1024K, 3 young (3072K), 3 survivors (3072K)
 Metaspace       used 38514K, committed 39168K, reserved 1114112K
  class space    used 4931K, committed 5248K, reserved 1048576K
}
Event: 14.302 GC heap before
{Heap before GC invocations=11 (full 0):
 garbage-first heap   total reserved 2031616K, committed 45056K, used 36286K [0x0000000084000000, 0x0000000100000000)
  region size 1024K, 18 young (18432K), 3 survivors (3072K)
 Metaspace       used 44234K, committed 44928K, reserved 1114112K
  class space    used 5643K, committed 5952K, reserved 1048576K
}
Event: 14.309 GC heap after
{Heap after GC invocations=12 (full 0):
 garbage-first heap   total reserved 2031616K, committed 45056K, used 22490K [0x0000000084000000, 0x0000000100000000)
  region size 1024K, 2 young (2048K), 2 survivors (2048K)
 Metaspace       used 44234K, committed 44928K, reserved 1114112K
  class space    used 5643K, committed 5952K, reserved 1048576K
}
Event: 15.719 GC heap before
{Heap before GC invocations=12 (full 0):
 garbage-first heap   total reserved 2031616K, committed 45056K, used 36826K [0x0000000084000000, 0x0000000100000000)
  region size 1024K, 17 young (17408K), 2 survivors (2048K)
 Metaspace       used 45809K, committed 46464K, reserved 1114112K
  class space    used 5852K, committed 6144K, reserved 1048576K
}
Event: 15.724 GC heap after
{Heap after GC invocations=13 (full 0):
 garbage-first heap   total reserved 2031616K, committed 45056K, used 24253K [0x0000000084000000, 0x0000000100000000)
  region size 1024K, 3 young (3072K), 3 survivors (3072K)
 Metaspace       used 45809K, committed 46464K, reserved 1114112K
  class space    used 5852K, committed 6144K, reserved 1048576K
}
Event: 57.633 GC heap before
{Heap before GC invocations=14 (full 0):
 garbage-first heap   total reserved 2031616K, committed 45056K, used 37565K [0x0000000084000000, 0x0000000100000000)
  region size 1024K, 17 young (17408K), 3 survivors (3072K)
 Metaspace       used 49316K, committed 49920K, reserved 1114112K
  class space    used 6382K, committed 6656K, reserved 1048576K
}
Event: 57.637 GC heap after
{Heap after GC invocations=15 (full 0):
 garbage-first heap   total reserved 2031616K, committed 45056K, used 25102K [0x0000000084000000, 0x0000000100000000)
  region size 1024K, 1 young (1024K), 1 survivors (1024K)
 Metaspace       used 49316K, committed 49920K, reserved 1114112K
  class space    used 6382K, committed 6656K, reserved 1048576K
}
Event: 129.177 GC heap before
{Heap before GC invocations=15 (full 0):
 garbage-first heap   total reserved 2031616K, committed 45056K, used 38414K [0x0000000084000000, 0x0000000100000000)
  region size 1024K, 15 young (15360K), 1 survivors (1024K)
 Metaspace       used 52196K, committed 52864K, reserved 1114112K
  class space    used 6850K, committed 7168K, reserved 1048576K
}
Event: 129.182 GC heap after
{Heap after GC invocations=16 (full 0):
 garbage-first heap   total reserved 2031616K, committed 45056K, used 25895K [0x0000000084000000, 0x0000000100000000)
  region size 1024K, 2 young (2048K), 2 survivors (2048K)
 Metaspace       used 52196K, committed 52864K, reserved 1114112K
  class space    used 6850K, committed 7168K, reserved 1048576K
}
Event: 232.573 GC heap before
{Heap before GC invocations=16 (full 0):
 garbage-first heap   total reserved 2031616K, committed 45056K, used 33063K [0x0000000084000000, 0x0000000100000000)
  region size 1024K, 10 young (10240K), 2 survivors (2048K)
 Metaspace       used 52385K, committed 53120K, reserved 1114112K
  class space    used 6875K, committed 7232K, reserved 1048576K
}
Event: 232.631 GC heap after
{Heap after GC invocations=17 (full 1):
 garbage-first heap   total reserved 2031616K, committed 45056K, used 21214K [0x0000000084000000, 0x0000000100000000)
  region size 1024K, 0 young (0K), 0 survivors (0K)
 Metaspace       used 52385K, committed 53120K, reserved 1114112K
  class space    used 6875K, committed 7232K, reserved 1048576K
}
Event: 233.761 GC heap before
{Heap before GC invocations=17 (full 1):
 garbage-first heap   total reserved 2031616K, committed 45056K, used 38622K [0x0000000084000000, 0x0000000100000000)
  region size 1024K, 17 young (17408K), 0 survivors (0K)
 Metaspace       used 52604K, committed 53376K, reserved 1114112K
  class space    used 6891K, committed 7232K, reserved 1048576K
}
Event: 233.765 GC heap after
{Heap after GC invocations=18 (full 1):
 garbage-first heap   total reserved 2031616K, committed 45056K, used 23179K [0x0000000084000000, 0x0000000100000000)
  region size 1024K, 2 young (2048K), 2 survivors (2048K)
 Metaspace       used 52604K, committed 53376K, reserved 1114112K
  class space    used 6891K, committed 7232K, reserved 1048576K
}

Dll operation events (14 events):
Event: 0.030 Loaded shared library C:\Users\ARJUN\.jdks\corretto-22.0.2\bin\java.dll
Event: 0.131 Loaded shared library C:\Users\ARJUN\.jdks\corretto-22.0.2\bin\jsvml.dll
Event: 0.227 Loaded shared library C:\Users\ARJUN\.jdks\corretto-22.0.2\bin\zip.dll
Event: 0.233 Loaded shared library C:\Users\ARJUN\.jdks\corretto-22.0.2\bin\instrument.dll
Event: 0.239 Loaded shared library C:\Users\ARJUN\.jdks\corretto-22.0.2\bin\net.dll
Event: 0.242 Loaded shared library C:\Users\ARJUN\.jdks\corretto-22.0.2\bin\nio.dll
Event: 0.246 Loaded shared library C:\Users\ARJUN\.jdks\corretto-22.0.2\bin\zip.dll
Event: 0.385 Loaded shared library C:\Program Files\JetBrains\IntelliJ IDEA Community Edition 2024.3.2.2\bin\breakgen64.dll
Event: 0.409 Loaded shared library C:\Users\ARJUN\.jdks\corretto-22.0.2\bin\extnet.dll
Event: 0.491 Loaded shared library C:\Users\ARJUN\.jdks\corretto-22.0.2\bin\jimage.dll
Event: 0.919 Loaded shared library C:\Users\ARJUN\.jdks\corretto-22.0.2\bin\management.dll
Event: 0.928 Loaded shared library C:\Users\ARJUN\.jdks\corretto-22.0.2\bin\management_ext.dll
Event: 2.228 Loaded shared library C:\Users\ARJUN\.jdks\corretto-22.0.2\bin\le.dll
Event: 5.282 Loaded shared library C:\Users\ARJUN\.jdks\corretto-22.0.2\bin\sunmscapi.dll

Deoptimization events (20 events):
Event: 233.773 Thread 0x000001a798d53710 Uncommon trap: trap_request=0xffffffbe fr.pc=0x000001a7445217ec relative=0x0000000000000fac
Event: 233.773 Thread 0x000001a798d53710 Uncommon trap: reason=profile_predicate action=maybe_recompile pc=0x000001a7445217ec method=org.springframework.core.annotation.MergedAnnotationsCollection.find(Ljava/lang/Object;Ljava/util/function/Predicate;Lorg/springframework/core/annotation/MergedAnn
Event: 233.773 Thread 0x000001a798d53710 DEOPT PACKING pc=0x000001a7445217ec sp=0x00000057664fe6d0
Event: 233.773 Thread 0x000001a798d53710 DEOPT UNPACKING pc=0x000001a743e17da2 sp=0x00000057664fe690 mode 2
Event: 233.778 Thread 0x000001a798d53710 Uncommon trap: trap_request=0xffffffbe fr.pc=0x000001a7445217ec relative=0x0000000000000fac
Event: 233.778 Thread 0x000001a798d53710 Uncommon trap: reason=profile_predicate action=maybe_recompile pc=0x000001a7445217ec method=org.springframework.core.annotation.MergedAnnotationsCollection.find(Ljava/lang/Object;Ljava/util/function/Predicate;Lorg/springframework/core/annotation/MergedAnn
Event: 233.778 Thread 0x000001a798d53710 DEOPT PACKING pc=0x000001a7445217ec sp=0x00000057664fe6d0
Event: 233.778 Thread 0x000001a798d53710 DEOPT UNPACKING pc=0x000001a743e17da2 sp=0x00000057664fe690 mode 2
Event: 233.955 Thread 0x000001a798d53710 Uncommon trap: trap_request=0xffffffde fr.pc=0x000001a74453590c relative=0x0000000000000ecc
Event: 233.955 Thread 0x000001a798d53710 Uncommon trap: reason=class_check action=maybe_recompile pc=0x000001a74453590c method=org.springframework.beans.factory.support.AbstractBeanFactory.getBeanPostProcessorCache()Lorg/springframework/beans/factory/support/AbstractBeanFactory$BeanPostProcessor
Event: 233.955 Thread 0x000001a798d53710 DEOPT PACKING pc=0x000001a74453590c sp=0x00000057664fe7b0
Event: 233.955 Thread 0x000001a798d53710 DEOPT UNPACKING pc=0x000001a743e17da2 sp=0x00000057664fe760 mode 2
Event: 233.961 Thread 0x000001a798d53710 Uncommon trap: trap_request=0xfffffff4 fr.pc=0x000001a74464d488 relative=0x00000000000033c8
Event: 233.962 Thread 0x000001a798d53710 Uncommon trap: reason=null_check action=make_not_entrant pc=0x000001a74464d488 method=java.lang.Class.getMethodsRecursive(Ljava/lang/String;[Ljava/lang/Class;ZZ)Ljava/lang/PublicMethods$MethodList; @ 27 c2
Event: 233.962 Thread 0x000001a798d53710 DEOPT PACKING pc=0x000001a74464d488 sp=0x00000057664fdb30
Event: 233.962 Thread 0x000001a798d53710 DEOPT UNPACKING pc=0x000001a743e17da2 sp=0x00000057664fdb10 mode 2
Event: 234.071 Thread 0x000001a798d53710 Uncommon trap: trap_request=0xffffffc6 fr.pc=0x000001a7446712b8 relative=0x0000000000000718
Event: 234.121 Thread 0x000001a798d53710 Uncommon trap: reason=bimorphic_or_optimized_type_check action=maybe_recompile pc=0x000001a7446712b8 method=sun.security.provider.DigestBase.engineDigest([BII)I @ 97 c2
Event: 234.122 Thread 0x000001a798d53710 DEOPT PACKING pc=0x000001a7446712b8 sp=0x00000057664fe890
Event: 234.122 Thread 0x000001a798d53710 DEOPT UNPACKING pc=0x000001a743e17da2 sp=0x00000057664fe840 mode 2

Classes loaded (20 events):
Event: 57.861 Loading class java/time/format/DateTimeFormatterBuilder$ReducedPrinterParser
Event: 57.862 Loading class java/time/format/DateTimeFormatterBuilder$ReducedPrinterParser done
Event: 57.878 Loading class java/util/stream/LongStream
Event: 57.879 Loading class java/util/stream/LongStream done
Event: 57.879 Loading class java/util/stream/DoubleStream
Event: 57.880 Loading class java/util/stream/DoubleStream done
Event: 57.899 Loading class org/w3c/dom/Node
Event: 57.901 Loading class org/w3c/dom/Node done
Event: 57.901 Loading class org/w3c/dom/Document
Event: 57.902 Loading class org/w3c/dom/Document done
Event: 57.939 Loading class java/util/AbstractMap$SimpleEntry
Event: 57.939 Loading class java/util/AbstractMap$SimpleEntry done
Event: 232.435 Loading class java/util/concurrent/locks/AbstractQueuedSynchronizer$SharedNode
Event: 232.436 Loading class java/util/concurrent/locks/AbstractQueuedSynchronizer$SharedNode done
Event: 232.567 Loading class java/util/WeakHashMap$KeyIterator
Event: 232.568 Loading class java/util/WeakHashMap$KeyIterator done
Event: 232.631 Loading class java/lang/ref/Finalizer$2
Event: 232.632 Loading class java/lang/ref/Finalizer$2 done
Event: 232.632 Loading class java/lang/ref/Finalizer$1
Event: 232.633 Loading class java/lang/ref/Finalizer$1 done

Classes unloaded (0 events):
No events

Classes redefined (0 events):
No events

Internal exceptions (20 events):
Event: 57.278 Thread 0x000001a798d578b0 Exception <a 'java/lang/NoSuchMethodError'{0x000000008822ec60}: 'java.lang.Object java.lang.invoke.DirectMethodHandle$Holder.invokeStaticInit(java.lang.Object, java.lang.Object, java.lang.Object, int, int)'> (0x000000008822ec60) 
thrown [s\src\hotspot\share\interpreter\linkResolver.cpp, line 774]
Event: 57.325 Thread 0x000001a798d53080 Exception <a 'java/lang/NoSuchMethodError'{0x0000000088184ef8}: 'java.lang.Object java.lang.invoke.DirectMethodHandle$Holder.invokeSpecial(java.lang.Object, java.lang.Object, java.lang.Object, java.lang.Object, java.lang.Object, long)'> (0x0000000088184ef8) 
thrown [s\src\hotspot\share\interpreter\linkResolver.cpp, line 774]
Event: 57.325 Thread 0x000001a798d53080 Exception <a 'java/lang/NoSuchMethodError'{0x00000000881886b8}: 'java.lang.Object java.lang.invoke.Invokers$Holder.linkToTargetMethod(java.lang.Object, java.lang.Object, java.lang.Object, long, java.lang.Object)'> (0x00000000881886b8) 
thrown [s\src\hotspot\share\interpreter\linkResolver.cpp, line 774]
Event: 57.577 Thread 0x000001a798d53080 Exception <a 'java/lang/NoSuchMethodError'{0x000000008607a668}: 'long java.lang.invoke.Invokers$Holder.invokeExact_MT(java.lang.Object, java.lang.Object)'> (0x000000008607a668) 
thrown [s\src\hotspot\share\interpreter\linkResolver.cpp, line 774]
Event: 57.727 Thread 0x000001a798d53080 Exception <a 'java/lang/NoSuchMethodError'{0x00000000883cba08}: 'int java.lang.invoke.Invokers$Holder.invokeExact_MT(java.lang.Object, java.lang.Object)'> (0x00000000883cba08) 
thrown [s\src\hotspot\share\interpreter\linkResolver.cpp, line 774]
Event: 57.960 Thread 0x000001a798d53080 Exception <a 'java/lang/NoSuchMethodError'{0x000000008625e168}: 'double java.lang.invoke.DirectMethodHandle$Holder.invokeVirtual(java.lang.Object, java.lang.Object)'> (0x000000008625e168) 
thrown [s\src\hotspot\share\interpreter\linkResolver.cpp, line 774]
Event: 57.960 Thread 0x000001a798d53080 Exception <a 'java/lang/NoSuchMethodError'{0x0000000086265348}: 'double java.lang.invoke.DelegatingMethodHandle$Holder.reinvoke_L(java.lang.Object, java.lang.Object)'> (0x0000000086265348) 
thrown [s\src\hotspot\share\interpreter\linkResolver.cpp, line 774]
Event: 230.301 Thread 0x000001a798d529f0 Implicit null exception at 0x000001a7446b4437 to 0x000001a7446b791c
Event: 231.566 Thread 0x000001a798d529f0 Implicit null exception at 0x000001a7446b3271 to 0x000001a7446b385c
Event: 232.469 Thread 0x000001a798d51640 Exception <a 'java/lang/NoSuchMethodError'{0x0000000087e2f398}: 'int java.lang.invoke.DirectMethodHandle$Holder.invokeStatic(java.lang.Object, int, java.lang.Object)'> (0x0000000087e2f398) 
thrown [s\src\hotspot\share\interpreter\linkResolver.cpp, line 774]
Event: 232.571 Thread 0x000001a797f429f0 Exception <a 'java/lang/InterruptedException'{0x0000000087e56a48}: sleep interrupted> (0x0000000087e56a48) 
thrown [s\src\hotspot\share\prims\jvm.cpp, line 3093]
Event: 232.785 Thread 0x000001a798d53710 Exception <a 'sun/nio/fs/WindowsException'{0x000000008bb594f0}> (0x000000008bb594f0) 
thrown [s\src\hotspot\share\prims\jni.cpp, line 520]
Event: 233.943 Thread 0x000001a798d53710 Exception <a 'java/lang/NoClassDefFoundError'{0x00000000880d8990}: org/flywaydb/core/Flyway> (0x00000000880d8990) 
thrown [s\src\hotspot\share\oops\constantPool.cpp, line 872]
Event: 233.943 Thread 0x000001a798d53710 Exception <a 'java/lang/NoClassDefFoundError'{0x00000000880d8ff0}: liquibase/integration/spring/SpringLiquibase> (0x00000000880d8ff0) 
thrown [s\src\hotspot\share\oops\constantPool.cpp, line 872]
Event: 233.946 Thread 0x000001a798d53710 Exception <a 'java/lang/NoClassDefFoundError'{0x00000000880eb9e8}: org/jooq/DSLContext> (0x00000000880eb9e8) 
thrown [s\src\hotspot\share\oops\constantPool.cpp, line 872]
Event: 233.946 Thread 0x000001a798d53710 Exception <a 'java/lang/NoClassDefFoundError'{0x00000000880ecf08}: jakarta/persistence/EntityManagerFactory> (0x00000000880ecf08) 
thrown [s\src\hotspot\share\oops\constantPool.cpp, line 872]
Event: 233.950 Thread 0x000001a798d53710 Exception <a 'java/lang/NoClassDefFoundError'{0x0000000087f1e9c0}: org/springframework/batch/core/repository/JobRepository> (0x0000000087f1e9c0) 
thrown [s\src\hotspot\share\oops\constantPool.cpp, line 872]
Event: 233.950 Thread 0x000001a798d53710 Exception <a 'java/lang/NoClassDefFoundError'{0x0000000087f1f018}: org/quartz/Scheduler> (0x0000000087f1f018) 
thrown [s\src\hotspot\share\oops\constantPool.cpp, line 872]
Event: 233.950 Thread 0x000001a798d53710 Exception <a 'java/lang/NoClassDefFoundError'{0x0000000087f1f698}: org/springframework/session/jdbc/JdbcIndexedSessionRepository> (0x0000000087f1f698) 
thrown [s\src\hotspot\share\oops\constantPool.cpp, line 872]
Event: 233.961 Thread 0x000001a798d53710 Implicit null exception at 0x000001a74464a3ec to 0x000001a74464d470

ZGC Phase Switch (0 events):
No events

VM Operations (20 events):
Event: 197.285 Executing VM operation: Cleanup
Event: 197.285 Executing VM operation: Cleanup done
Event: 201.309 Executing VM operation: Cleanup
Event: 201.309 Executing VM operation: Cleanup done
Event: 203.319 Executing VM operation: Cleanup
Event: 203.319 Executing VM operation: Cleanup done
Event: 211.341 Executing VM operation: Cleanup
Event: 211.341 Executing VM operation: Cleanup done
Event: 219.385 Executing VM operation: Cleanup
Event: 219.385 Executing VM operation: Cleanup done
Event: 232.430 Executing VM operation: Cleanup
Event: 232.430 Executing VM operation: Cleanup done
Event: 232.572 Executing VM operation: G1CollectFull (System.gc())
Event: 232.631 Executing VM operation: G1CollectFull (System.gc()) done
Event: 233.761 Executing VM operation: G1CollectForAllocation (G1 Evacuation Pause)
Event: 233.765 Executing VM operation: G1CollectForAllocation (G1 Evacuation Pause) done
Event: 233.812 Executing VM operation: G1PauseRemark
Event: 233.816 Executing VM operation: G1PauseRemark done
Event: 233.831 Executing VM operation: G1PauseCleanup
Event: 233.831 Executing VM operation: G1PauseCleanup done

Memory protections (0 events):
No events

Nmethod flushes (20 events):
Event: 233.816 Thread 0x000001a750225030 flushing  nmethod 0x000001a73d0f8510
Event: 233.816 Thread 0x000001a750225030 flushing  nmethod 0x000001a73d2a1b10
Event: 233.816 Thread 0x000001a750225030 flushing  nmethod 0x000001a74443ec90
Event: 233.816 Thread 0x000001a750225030 flushing  nmethod 0x000001a7445c3210
Event: 233.816 Thread 0x000001a750225030 flushing  nmethod 0x000001a73c892c90
Event: 233.816 Thread 0x000001a750225030 flushing  nmethod 0x000001a73c8acd90
Event: 233.816 Thread 0x000001a750225030 flushing  nmethod 0x000001a73c953610
Event: 233.816 Thread 0x000001a750225030 flushing  nmethod 0x000001a73c99b790
Event: 233.816 Thread 0x000001a750225030 flushing  nmethod 0x000001a73c9ec610
Event: 233.816 Thread 0x000001a750225030 flushing  nmethod 0x000001a73c9ed490
Event: 233.816 Thread 0x000001a750225030 flushing  nmethod 0x000001a73c9ef210
Event: 233.816 Thread 0x000001a750225030 flushing  nmethod 0x000001a73ca01810
Event: 233.816 Thread 0x000001a750225030 flushing  nmethod 0x000001a73ca05710
Event: 233.816 Thread 0x000001a750225030 flushing  nmethod 0x000001a73ca2b590
Event: 233.816 Thread 0x000001a750225030 flushing  nmethod 0x000001a73caf7a90
Event: 233.816 Thread 0x000001a750225030 flushing  nmethod 0x000001a73cb4da90
Event: 233.816 Thread 0x000001a750225030 flushing  nmethod 0x000001a73cd67910
Event: 233.816 Thread 0x000001a750225030 flushing  nmethod 0x000001a73ce02a10
Event: 233.816 Thread 0x000001a750225030 flushing  nmethod 0x000001a73cfa4f10
Event: 233.816 Thread 0x000001a750225030 flushing  nmethod 0x000001a73d1ac390

Events (20 events):
Event: 232.451 Thread 0x000001a798d56500 Thread exited: 0x000001a798d56500
Event: 232.451 Thread 0x000001a798d57f40 Thread exited: 0x000001a798d57f40
Event: 232.451 Thread 0x000001a798d56b90 Thread exited: 0x000001a798d56b90
Event: 232.451 Thread 0x000001a798d54430 Thread exited: 0x000001a798d54430
Event: 232.451 Thread 0x000001a798d54ac0 Thread exited: 0x000001a798d54ac0
Event: 232.451 Thread 0x000001a798d585d0 Thread exited: 0x000001a798d585d0
Event: 232.451 Thread 0x000001a798d53da0 Thread exited: 0x000001a798d53da0
Event: 232.451 Thread 0x000001a798d53080 Thread exited: 0x000001a798d53080
Event: 232.467 Thread 0x000001a798d51640 Thread added: 0x000001a798d53710
Event: 232.468 Thread 0x000001a798d51cd0 Thread exited: 0x000001a798d51cd0
Event: 232.534 Thread 0x000001a798d53710 Thread exited: 0x000001a798d53710
Event: 232.570 Thread 0x000001a798407510 Thread exited: 0x000001a798407510
Event: 232.570 Thread 0x000001a79834f4e0 Thread exited: 0x000001a79834f4e0
Event: 232.571 Thread 0x000001a797f429f0 Thread exited: 0x000001a797f429f0
Event: 232.633 Thread 0x000001a798d51640 Thread added: 0x000001a798d53710
Event: 232.633 Thread 0x000001a798d53710 Thread exited: 0x000001a798d53710
Event: 232.634 Thread 0x000001a798d51640 Thread added: 0x000001a798d53710
Event: 233.496 Thread 0x000001a7505a0090 Thread added: 0x000001a797993ac0
Event: 233.513 Thread 0x000001a798d53710 Thread added: 0x000001a798d529f0
Event: 233.535 Thread 0x000001a798d529f0 Thread exited: 0x000001a798d529f0


Dynamic libraries:
0x00007ff639ba0000 - 0x00007ff639bae000 	C:\Users\ARJUN\.jdks\corretto-22.0.2\bin\java.exe
0x00007ffaacf80000 - 0x00007ffaad1e9000 	C:\WINDOWS\SYSTEM32\ntdll.dll
0x00007ffaacd70000 - 0x00007ffaace39000 	C:\WINDOWS\System32\KERNEL32.DLL
0x00007ffaaa630000 - 0x00007ffaaaa23000 	C:\WINDOWS\System32\KERNELBASE.dll
0x00007ffaaa110000 - 0x00007ffaaa25b000 	C:\WINDOWS\System32\ucrtbase.dll
0x00007ffaa4ef0000 - 0x00007ffaa4f07000 	C:\Users\ARJUN\.jdks\corretto-22.0.2\bin\jli.dll
0x00007ffaa4ed0000 - 0x00007ffaa4eeb000 	C:\Users\ARJUN\.jdks\corretto-22.0.2\bin\VCRUNTIME140.dll
0x00007ffaab710000 - 0x00007ffaab8d4000 	C:\WINDOWS\System32\USER32.dll
0x00007ffaaa3d0000 - 0x00007ffaaa3f7000 	C:\WINDOWS\System32\win32u.dll
0x00007ffa95580000 - 0x00007ffa95813000 	C:\WINDOWS\WinSxS\amd64_microsoft.windows.common-controls_6595b64144ccf1df_6.0.26100.5074_none_3e0d6f78e32fd63f\COMCTL32.dll
0x00007ffaac9b0000 - 0x00007ffaac9db000 	C:\WINDOWS\System32\GDI32.dll
0x00007ffaab440000 - 0x00007ffaab4e9000 	C:\WINDOWS\System32\msvcrt.dll
0x00007ffaaac20000 - 0x00007ffaaad4d000 	C:\WINDOWS\System32\gdi32full.dll
0x00007ffaaa580000 - 0x00007ffaaa623000 	C:\WINDOWS\System32\msvcp_win.dll
0x00007ffaab2e0000 - 0x00007ffaab30f000 	C:\WINDOWS\System32\IMM32.DLL
0x00007ffaa4ec0000 - 0x00007ffaa4ecc000 	C:\Users\ARJUN\.jdks\corretto-22.0.2\bin\vcruntime140_1.dll
0x00007ffaa4e30000 - 0x00007ffaa4ebd000 	C:\Users\ARJUN\.jdks\corretto-22.0.2\bin\msvcp140.dll
0x00007ffa40c70000 - 0x00007ffa41a41000 	C:\Users\ARJUN\.jdks\corretto-22.0.2\bin\server\jvm.dll
0x00007ffaaad70000 - 0x00007ffaaae24000 	C:\WINDOWS\System32\ADVAPI32.dll
0x00007ffaaccc0000 - 0x00007ffaacd66000 	C:\WINDOWS\System32\sechost.dll
0x00007ffaab320000 - 0x00007ffaab438000 	C:\WINDOWS\System32\RPCRT4.dll
0x00007ffaac710000 - 0x00007ffaac784000 	C:\WINDOWS\System32\WS2_32.dll
0x00007ffa9e7f0000 - 0x00007ffa9e7fb000 	C:\WINDOWS\SYSTEM32\VERSION.dll
0x00007ffaa9f90000 - 0x00007ffaa9fee000 	C:\WINDOWS\SYSTEM32\POWRPROF.dll
0x00007ffa97900000 - 0x00007ffa97935000 	C:\WINDOWS\SYSTEM32\WINMM.dll
0x00007ffaa9f70000 - 0x00007ffaa9f84000 	C:\WINDOWS\SYSTEM32\UMPDC.dll
0x00007ffaa8ef0000 - 0x00007ffaa8f0b000 	C:\WINDOWS\SYSTEM32\kernel.appcore.dll
0x00007ffaa4e20000 - 0x00007ffaa4e2a000 	C:\Users\ARJUN\.jdks\corretto-22.0.2\bin\jimage.dll
0x00007ffaa7a70000 - 0x00007ffaa7cb2000 	C:\WINDOWS\SYSTEM32\DBGHELP.DLL
0x00007ffaaae90000 - 0x00007ffaab20b000 	C:\WINDOWS\System32\combase.dll
0x00007ffaab8e0000 - 0x00007ffaab9b7000 	C:\WINDOWS\System32\OLEAUT32.dll
0x00007ffa925a0000 - 0x00007ffa925dd000 	C:\WINDOWS\SYSTEM32\dbgcore.DLL
0x00007ffaaaa30000 - 0x00007ffaaaac9000 	C:\WINDOWS\System32\bcryptPrimitives.dll
0x00007ffaa4e10000 - 0x00007ffaa4e1e000 	C:\Users\ARJUN\.jdks\corretto-22.0.2\bin\instrument.dll
0x00007ffaa4df0000 - 0x00007ffaa4e0e000 	C:\Users\ARJUN\.jdks\corretto-22.0.2\bin\java.dll
0x00007ffaabfc0000 - 0x00007ffaac70d000 	C:\WINDOWS\System32\SHELL32.dll
0x00007ffaaa260000 - 0x00007ffaaa3cc000 	C:\WINDOWS\System32\wintypes.dll
0x00007ffaab4f0000 - 0x00007ffaab688000 	C:\WINDOWS\System32\ole32.dll
0x00007ffaa7db0000 - 0x00007ffaa8609000 	C:\WINDOWS\SYSTEM32\windows.storage.dll
0x00007ffaace40000 - 0x00007ffaacf30000 	C:\WINDOWS\System32\SHCORE.dll
0x00007ffaacc50000 - 0x00007ffaaccb2000 	C:\WINDOWS\System32\shlwapi.dll
0x00007ffaaa030000 - 0x00007ffaaa059000 	C:\WINDOWS\SYSTEM32\profapi.dll
0x00007ffa6c840000 - 0x00007ffa6c917000 	C:\Users\ARJUN\.jdks\corretto-22.0.2\bin\jsvml.dll
0x00007ffa9f3c0000 - 0x00007ffa9f3d7000 	C:\Users\ARJUN\.jdks\corretto-22.0.2\bin\zip.dll
0x00007ffa9f400000 - 0x00007ffa9f410000 	C:\Users\ARJUN\.jdks\corretto-22.0.2\bin\net.dll
0x00007ffaa9470000 - 0x00007ffaa94db000 	C:\WINDOWS\system32\mswsock.dll
0x00007ffa9f3e0000 - 0x00007ffa9f3f6000 	C:\Users\ARJUN\.jdks\corretto-22.0.2\bin\nio.dll
0x00007ffa9f3a0000 - 0x00007ffa9f3ba000 	C:\Program Files\JetBrains\IntelliJ IDEA Community Edition 2024.3.2.2\bin\breakgen64.dll
0x00007ffa9f320000 - 0x00007ffa9f329000 	C:\Users\ARJUN\.jdks\corretto-22.0.2\bin\extnet.dll
0x00007ffa9f310000 - 0x00007ffa9f319000 	C:\Users\ARJUN\.jdks\corretto-22.0.2\bin\management.dll
0x00007ffa9f300000 - 0x00007ffa9f30b000 	C:\Users\ARJUN\.jdks\corretto-22.0.2\bin\management_ext.dll
0x00007ffaac7d0000 - 0x00007ffaac7d8000 	C:\WINDOWS\System32\PSAPI.DLL
0x00007ffa9f380000 - 0x00007ffa9f38b000 	C:\Users\ARJUN\.jdks\corretto-22.0.2\bin\le.dll
0x00007ffa9f390000 - 0x00007ffa9f39e000 	C:\Users\ARJUN\.jdks\corretto-22.0.2\bin\sunmscapi.dll
0x00007ffaaa400000 - 0x00007ffaaa577000 	C:\WINDOWS\System32\CRYPT32.dll
0x00007ffaa9930000 - 0x00007ffaa9960000 	C:\WINDOWS\SYSTEM32\ncrypt.dll
0x00007ffaa98e0000 - 0x00007ffaa991f000 	C:\WINDOWS\SYSTEM32\NTASN1.dll
0x00007ffaa9720000 - 0x00007ffaa973b000 	C:\WINDOWS\SYSTEM32\CRYPTSP.dll
0x00007ffaa8e50000 - 0x00007ffaa8e8b000 	C:\WINDOWS\system32\rsaenh.dll
0x00007ffaa9510000 - 0x00007ffaa953b000 	C:\WINDOWS\SYSTEM32\USERENV.dll
0x00007ffaaa000000 - 0x00007ffaaa026000 	C:\WINDOWS\SYSTEM32\bcrypt.dll
0x00007ffaa9710000 - 0x00007ffaa971c000 	C:\WINDOWS\SYSTEM32\CRYPTBASE.dll
0x00007ffaa8910000 - 0x00007ffaa8944000 	C:\WINDOWS\SYSTEM32\IPHLPAPI.DLL
0x00007ffaac790000 - 0x00007ffaac79a000 	C:\WINDOWS\System32\NSI.dll
0x00007ffa821a0000 - 0x00007ffa821b8000 	C:\WINDOWS\system32\napinsp.dll
0x00007ffa82170000 - 0x00007ffa82198000 	C:\WINDOWS\system32\nlansp_c.dll
0x00007ffaa89a0000 - 0x00007ffaa8ac6000 	C:\WINDOWS\SYSTEM32\DNSAPI.dll
0x00007ffaa1860000 - 0x00007ffaa1876000 	C:\WINDOWS\system32\wshbth.dll
0x00007ffa81fd0000 - 0x00007ffa81fe2000 	C:\WINDOWS\System32\winrnr.dll
0x00007ffa99770000 - 0x00007ffa9977b000 	C:\Windows\System32\rasadhlp.dll
0x00007ffa9e4b0000 - 0x00007ffa9e536000 	C:\WINDOWS\System32\fwpuclnt.dll
0x00007ffa1e890000 - 0x00007ffa1e898000 	C:\WINDOWS\system32\wshunix.dll

dbghelp: loaded successfully - version: 4.0.5 - missing functions: none
symbol engine: initialized successfully - sym options: 0x614 - pdb path: .;C:\Users\ARJUN\.jdks\corretto-22.0.2\bin;C:\WINDOWS\SYSTEM32;C:\WINDOWS\WinSxS\amd64_microsoft.windows.common-controls_6595b64144ccf1df_6.0.26100.5074_none_3e0d6f78e32fd63f;C:\Users\ARJUN\.jdks\corretto-22.0.2\bin\server;C:\Program Files\JetBrains\IntelliJ IDEA Community Edition 2024.3.2.2\bin

VM Arguments:
jvm_args: -javaagent:C:\Program Files\JetBrains\IntelliJ IDEA Community Edition 2024.3.2.2\lib\idea_rt.jar=64718:C:\Program Files\JetBrains\IntelliJ IDEA Community Edition 2024.3.2.2\bin -Dfile.encoding=UTF-8 -Dsun.stdout.encoding=UTF-8 -Dsun.stderr.encoding=UTF-8 
java_command: com.finalproject.hrportal.HrportalnewApplication
java_class_path (initial): F:\hrportalnew\target\classes;C:\Users\ARJUN\.m2\repository\org\springframework\boot\spring-boot-starter-data-jdbc\3.5.6\spring-boot-starter-data-jdbc-3.5.6.jar;C:\Users\ARJUN\.m2\repository\org\springframework\boot\spring-boot-starter-jdbc\3.5.6\spring-boot-starter-jdbc-3.5.6.jar;C:\Users\ARJUN\.m2\repository\com\zaxxer\HikariCP\6.3.3\HikariCP-6.3.3.jar;C:\Users\ARJUN\.m2\repository\org\springframework\spring-jdbc\6.2.11\spring-jdbc-6.2.11.jar;C:\Users\ARJUN\.m2\repository\org\springframework\data\spring-data-jdbc\3.5.4\spring-data-jdbc-3.5.4.jar;C:\Users\ARJUN\.m2\repository\org\springframework\data\spring-data-relational\3.5.4\spring-data-relational-3.5.4.jar;C:\Users\ARJUN\.m2\repository\org\springframework\data\spring-data-commons\3.5.4\spring-data-commons-3.5.4.jar;C:\Users\ARJUN\.m2\repository\org\springframework\spring-tx\6.2.11\spring-tx-6.2.11.jar;C:\Users\ARJUN\.m2\repository\org\springframework\spring-context\6.2.11\spring-context-6.2.11.jar;C:\Users\ARJUN\.m2\repository\org\springframework\spring-beans\6.2.11\spring-beans-6.2.11.jar;C:\Users\ARJUN\.m2\repository\org\slf4j\slf4j-api\2.0.17\slf4j-api-2.0.17.jar;C:\Users\ARJUN\.m2\repository\org\springframework\boot\spring-boot-starter-validation\3.5.6\spring-boot-starter-validation-3.5.6.jar;C:\Users\ARJUN\.m2\repository\org\springframework\boot\spring-boot-starter\3.5.6\spring-boot-starter-3.5.6.jar;C:\Users\ARJUN\.m2\repository\org\springframework\boot\spring-boot-starter-logging\3.5.6\spring-boot-starter-logging-3.5.6.jar;C:\Users\ARJUN\.m2\repository\ch\qos\logback\logback-classic\1.5.18\logback-classic-1.5.18.jar;C:\Users\ARJUN\.m2\repository\ch\qos\logback\logback-core\1.5.18\logback-core-1.5.18.jar;C:\Users\ARJUN\.m2\repository\org\apache\logging\log4j\log4j-to-slf4j\2.24.3\log4j-to-slf4j-2.24.3.jar;C:\Users\ARJUN\.m2\repository\org\apache\logging\log4j\log4j-api\2.24.3\log4j-api-2.24.3.jar;C:\Users\ARJUN\.m2\repository\org\slf4j\jul-to-slf4j\2.0.17\jul-to-slf4j-2.0.17.jar;C:\Users\ARJUN\.m2\repository\jakarta\annotation\jakarta.annotation-api\2.1.1\jakarta.annotation-api-2.1.1.jar;C:\Users\ARJUN\.m2\repository\org\yaml\snakeyaml\2.4\snakeyaml-2.4.jar;C:\Users\ARJUN\.m2\repository\org\apache\tomcat\embed\tomcat-embed-el\10.1.46\tomcat-embed-el-10.1.46.jar;C:\Users\ARJUN\.m2\repository\org\hibernate\validator\hibernate-validator\8.0.3.Final\hibernate-validator-8.0.3.Final.jar;C:\Users\ARJUN\.m2\repository\jakarta\validation\jakarta.validation-api\3.0.2\jakarta.validation-api-3.0.2.jar;C:\Users\ARJUN\.m2\repository\org\jboss\logging\jboss-logging\3.6.1.Final\jboss-logging-3.6.1.Final.jar;C:\Users\ARJUN\.m2\repository\com\fasterxml\classmate\1.7.0\classmate-1.7.0.jar;C:\Users\ARJUN\.m2\repository\org\springframework\boot\spring-boot-starter-web\3.5.6\spring-boot-starter-web-3.5.6.jar;C:\Users\ARJUN\.m2\repository\org\springframework\boot\spring-boot-starter-json\3.5.6\spring-boot-starter-json-3.5.6.jar;C:\Users\ARJUN\.m2\repository\com\fasterxml\jackson\core\jackson-databind\2.19.2\jackson-databind-2.19.2.jar;C:\Users\ARJUN\.m2\repository\com\fasterxml\jackson\core\jackson-annotations\2.19.2\jackson-annotations-2.19.2.jar;C:\Users\ARJUN\.m2\repository\com\fasterxml\jackson\core\jackson-core\2.19.2\jackson-core-2.19.2.jar;C:\Users\ARJUN\.m2\repository\com\fasterxml\jackson\datatype\jackson-datatype-jdk8\2.19.2\jackson-datatype-jdk8-2.19.2.jar;C:\Users\ARJUN\.m2\repository\com\fasterxml\jackson\datatype\jackson-datatype-jsr310\2.19.2\jackson-datatype-jsr310-2.19.2.jar;C:\Users\ARJUN\.m2\repository\com\fasterxml\jackson\module\jackson-module-parameter-names\2.19.2\jackson-module-parameter-names-2.19.2.jar;C:\Users\ARJUN\.m2\repository\org\springframework\boot\spring-boot-starter-tomcat\3.5.6\spring-boot-starter-tomcat-3.5.6.jar;C:\Users\ARJUN\.m2\repository\org\apache\tomcat\embed\tomcat-embed-core\10.1.46\tomcat-embed-core-10.1.46.jar;C:\Users\ARJUN\.m2\repository\org\apache\tomcat\embed\tomcat-embed-websocket\10.1.46\tomcat-embed-websocket-10.1.46.jar;C:\Users\ARJUN\.m2\repository\org\springframework\spring-web\6.2.11\spring-web-6.2.11.jar;C:\Users\ARJUN\.m2\repository\io\micrometer\micrometer-observation\1.15.4\micrometer-observation-1.15.4.jar;C:\Users\ARJUN\.m2\repository\io\micrometer\micrometer-commons\1.15.4\micrometer-commons-1.15.4.jar;C:\Users\ARJUN\.m2\repository\org\springframework\spring-webmvc\6.2.11\spring-webmvc-6.2.11.jar;C:\Users\ARJUN\.m2\repository\org\springframework\spring-aop\6.2.11\spring-aop-6.2.11.jar;C:\Users\ARJUN\.m2\repository\org\springframework\spring-expression\6.2.11\spring-expression-6.2.11.jar;C:\Users\ARJUN\.m2\repository\org\springframework\boot\spring-boot-devtools\3.5.6\spring-boot-devtools-3.5.6.jar;C:\Users\ARJUN\.m2\repository\org\springframework\boot\spring-boot\3.5.6\spring-boot-3.5.6.jar;C:\Users\ARJUN\.m2\repository\org\springframework\boot\spring-boot-autoconfigure\3.5.6\spring-boot-autoconfigure-3.5.6.jar;C:\Users\ARJUN\.m2\repository\com\oracle\database\jdbc\ojdbc11\23.7.0.25.01\ojdbc11-23.7.0.25.01.jar;C:\Users\ARJUN\.m2\repository\org\projectlombok\lombok\1.18.40\lombok-1.18.40.jar;C:\Users\ARJUN\.m2\repository\org\springframework\spring-core\6.2.11\spring-core-6.2.11.jar;C:\Users\ARJUN\.m2\repository\org\springframework\spring-jcl\6.2.11\spring-jcl-6.2.11.jar;C:\Users\ARJUN\.m2\repository\org\modelmapper\modelmapper\3.1.1\modelmapper-3.1.1.jar
Launcher Type: SUN_STANDARD

[Global flags]
     intx CICompilerCount                          = 3                                         {product} {ergonomic}
     uint ConcGCThreads                            = 1                                         {product} {ergonomic}
     uint G1ConcRefinementThreads                  = 4                                         {product} {ergonomic}
   size_t G1HeapRegionSize                         = 1048576                                   {product} {ergonomic}
   size_t InitialHeapSize                          = 130023424                                 {product} {ergonomic}
   size_t MarkStackSize                            = 4194304                                   {product} {ergonomic}
   size_t MaxHeapSize                              = 2080374784                                {product} {ergonomic}
   size_t MaxNewSize                               = 1247805440                                {product} {ergonomic}
   size_t MinHeapDeltaBytes                        = 1048576                                   {product} {ergonomic}
   size_t MinHeapSize                              = 8388608                                   {product} {ergonomic}
    uintx NonNMethodCodeHeapSize                   = 5832780                                {pd product} {ergonomic}
    uintx NonProfiledCodeHeapSize                  = 122912730                              {pd product} {ergonomic}
    uintx ProfiledCodeHeapSize                     = 122912730                              {pd product} {ergonomic}
    uintx ReservedCodeCacheSize                    = 251658240                              {pd product} {ergonomic}
     bool SegmentedCodeCache                       = true                                      {product} {ergonomic}
   size_t SoftMaxHeapSize                          = 2080374784                             {manageable} {ergonomic}
     bool UseCompressedOops                        = true                           {product lp64_product} {ergonomic}
     bool UseG1GC                                  = true                                      {product} {ergonomic}
     bool UseLargePagesIndividualAllocation        = false                                  {pd product} {ergonomic}

Logging:
Log output configuration:
 #0: stdout all=warning uptime,level,tags foldmultilines=false
 #1: stderr all=off uptime,level,tags foldmultilines=false

Environment Variables:
PATH=C:\app\ARJUN\product\21c\dbhomeXE\bin;C:\Program Files\Common Files\Oracle\Java\javapath;C:\WINDOWS\system32;C:\WINDOWS;C:\WINDOWS\System32\Wbem;C:\WINDOWS\System32\WindowsPowerShell\v1.0\;C:\WINDOWS\System32\OpenSSH\;C:\Program Files\Java\jdk-21\bin;C:\Program Files\MySQL\MySQL Server 8.0\bin;C:\Program Files\PostgreSQL\15\bin;C:\Program Files\Git\cmd;C:\Program Files\Git\bin;C:\Program Files\nodejs\;C:\Program Files\MySQL\MySQL Shell 8.0\bin\;C:\Users\ARJUN\AppData\Local\Microsoft\WindowsApps;C:\Program Files\Java\jdk-21\bin;;C:\Program Files\JetBrains\IntelliJ IDEA Community Edition 2024.3.2.2\bin;;C:\Users\ARJUN\AppData\Local\Programs\Microsoft VS Code\bin;C:\Users\ARJUN\AppData\Roaming\npm
USERNAME=ARJUN
OS=Windows_NT
PROCESSOR_IDENTIFIER=Intel64 Family 6 Model 126 Stepping 5, GenuineIntel
TMP=C:\Users\ARJUN\AppData\Local\Temp
TEMP=C:\Users\ARJUN\AppData\Local\Temp




Periodic native trim disabled

---------------  S Y S T E M  ---------------

OS:
 Windows 11 , 64 bit Build 26100 (10.0.26100.5074)
OS uptime: 0 days 0:51 hours

CPU: total 4 (initial active 4) (2 cores per cpu, 2 threads per core) family 6 model 126 stepping 5 microcode 0xb2, cx8, cmov, fxsr, ht, mmx, 3dnowpref, sse, sse2, sse3, ssse3, sse4.1, sse4.2, popcnt, lzcnt, tsc, tscinvbit, avx, avx2, aes, erms, clmul, bmi1, bmi2, adx, avx512f, avx512dq, avx512cd, avx512bw, avx512vl, sha, fma, vzeroupper, avx512_vpopcntdq, avx512_vpclmulqdq, avx512_vaes, avx512_vnni, clflush, clflushopt, avx512_vbmi2, avx512_vbmi, rdtscp, rdpid, fsrm, gfni, avx512_bitalg, f16c, pku, avx512_ifma
Processor Information for all 4 processors :
  Max Mhz: 1190, Current Mhz: 1190, Mhz Limit: 1190

Memory: 4k page, system-wide physical 7934M (421M free)
TotalPageFile size 16126M (AvailPageFile size 5M)
current process WorkingSet (physical memory assigned to process): 178M, peak: 219M
current process commit charge ("private bytes"): 248M, peak: 264M

vm_info: OpenJDK 64-Bit Server VM (22.0.2+9-FR) for windows-amd64 JRE (22.0.2+9-FR), built on 2024-07-09T01:10:09Z by "Administrator" with MS VC++ 16.10 / 16.11 (VS2019)

END.
